Thu 28 Mar 2024 21:04:14 INFO  ['train.py']
Thu 28 Mar 2024 21:04:14 INFO  
General Hyper Parameters:
gpu_id = 0
use_gpu = True
seed = 2020
state = INFO
reproducibility = True
data_path = C:\Users\Tommy\AppData\Local\Packages\PythonSoftwareFoundation.Python.3.9_qbz5n2kfra8p0\LocalCache\local-packages\Python39\site-packages\recbole\config\../dataset_example/ml-100k
checkpoint_dir = saved
show_progress = True
save_dataset = False
dataset_save_path = None
save_dataloaders = False
dataloaders_save_path = None
log_wandb = False

Training Hyper Parameters:
epochs = 10
train_batch_size = 2048
learner = adam
learning_rate = 0.001
train_neg_sample_args = {'distribution': 'uniform', 'sample_num': 1, 'alpha': 1.0, 'dynamic': False, 'candidate_num': 0}
eval_step = 1
stopping_step = 10
clip_grad_norm = None
weight_decay = 0.0
loss_decimal_place = 4

Evaluation Hyper Parameters:
eval_args = {'split': {'RS': [0.8, 0.1, 0.1]}, 'order': 'RO', 'group_by': 'user', 'mode': {'valid': 'full', 'test': 'full'}}
repeatable = False
metrics = ['Recall', 'MRR', 'NDCG', 'Hit', 'Precision']
topk = [10]
valid_metric = MRR@10
valid_metric_bigger = True
eval_batch_size = 4096
metric_decimal_place = 4

Dataset Hyper Parameters:
field_separator = 	
seq_separator =  
USER_ID_FIELD = user_id
ITEM_ID_FIELD = item_id
RATING_FIELD = rating
TIME_FIELD = timestamp
seq_len = None
LABEL_FIELD = label
threshold = None
NEG_PREFIX = neg_
load_col = {'inter': ['user_id', 'item_id', 'rating', 'timestamp']}
unload_col = None
unused_col = None
additional_feat_suffix = None
rm_dup_inter = None
val_interval = None
filter_inter_by_user_or_item = True
user_inter_num_interval = None
item_inter_num_interval = None
alias_of_user_id = None
alias_of_item_id = None
alias_of_entity_id = None
alias_of_relation_id = None
preload_weight = None
normalize_field = None
normalize_all = True
ITEM_LIST_LENGTH_FIELD = item_length
LIST_SUFFIX = _list
MAX_ITEM_LIST_LENGTH = 50
POSITION_FIELD = position_id
HEAD_ENTITY_ID_FIELD = head_id
TAIL_ENTITY_ID_FIELD = tail_id
RELATION_ID_FIELD = relation_id
ENTITY_ID_FIELD = entity_id
kg_reverse_r = False
entity_kg_num_interval = None
relation_kg_num_interval = None
benchmark_filename = None

Other Hyper Parameters: 
worker = 0
wandb_project = recbole
shuffle = True
require_pow = False
enable_amp = False
enable_scaler = False
transform = None
embedding_size = 64
numerical_features = []
discretization = None
MODEL_TYPE = ModelType.GENERAL
batch_size = 128
MODEL_INPUT_TYPE = InputType.PAIRWISE
eval_type = EvaluatorType.RANKING
single_spec = True
local_rank = 0
device = cpu
valid_neg_sample_args = {'distribution': 'uniform', 'sample_num': 'none'}
test_neg_sample_args = {'distribution': 'uniform', 'sample_num': 'none'}


Thu 28 Mar 2024 21:04:14 INFO  ml-100k
The number of users: 944
Average actions of users: 106.04453870625663
The number of items: 1683
Average actions of items: 59.45303210463734
The number of inters: 100000
The sparsity of the dataset: 93.70575143257098%
Remain Fields: ['user_id', 'item_id', 'rating', 'timestamp']
Thu 28 Mar 2024 21:04:15 INFO  [Training]: train_batch_size = [2048] train_neg_sample_args: [{'distribution': 'uniform', 'sample_num': 1, 'alpha': 1.0, 'dynamic': False, 'candidate_num': 0}]
Thu 28 Mar 2024 21:04:15 INFO  [Evaluation]: eval_batch_size = [4096] eval_args: [{'split': {'RS': [0.8, 0.1, 0.1]}, 'order': 'RO', 'group_by': 'user', 'mode': {'valid': 'full', 'test': 'full'}}]
Thu 28 Mar 2024 21:04:15 INFO  BPR(
  (user_embedding): Embedding(944, 64)
  (item_embedding): Embedding(1683, 64)
  (loss): BPRLoss()
)
Trainable parameters: 168128
Thu 28 Mar 2024 21:04:15 INFO  FLOPs: 128.0
Thu 28 Mar 2024 21:04:18 INFO  epoch 0 training [time: 0.77s, train loss: 27.7240]
Thu 28 Mar 2024 21:04:18 INFO  epoch 0 evaluating [time: 0.58s, valid_score: 0.025700]
Thu 28 Mar 2024 21:04:18 INFO  valid result: 
recall@10 : 0.0085    mrr@10 : 0.0257    ndcg@10 : 0.0108    hit@10 : 0.0838    precision@10 : 0.0091
Thu 28 Mar 2024 21:04:18 INFO  Saving current: saved\BPR-Mar-28-2024_21-04-15.pth
Thu 28 Mar 2024 21:04:19 INFO  epoch 1 training [time: 0.58s, train loss: 27.6345]
Thu 28 Mar 2024 21:04:19 INFO  epoch 1 evaluating [time: 0.59s, valid_score: 0.055600]
Thu 28 Mar 2024 21:04:19 INFO  valid result: 
recall@10 : 0.0164    mrr@10 : 0.0556    ndcg@10 : 0.0217    hit@10 : 0.1485    precision@10 : 0.0178
Thu 28 Mar 2024 21:04:19 INFO  Saving current: saved\BPR-Mar-28-2024_21-04-15.pth
Thu 28 Mar 2024 21:04:20 INFO  epoch 2 training [time: 0.80s, train loss: 27.3318]
Thu 28 Mar 2024 21:04:21 INFO  epoch 2 evaluating [time: 0.70s, valid_score: 0.160300]
Thu 28 Mar 2024 21:04:21 INFO  valid result: 
recall@10 : 0.0523    mrr@10 : 0.1603    ndcg@10 : 0.0738    hit@10 : 0.3627    precision@10 : 0.0606
Thu 28 Mar 2024 21:04:21 INFO  Saving current: saved\BPR-Mar-28-2024_21-04-15.pth
Thu 28 Mar 2024 21:04:22 INFO  epoch 3 training [time: 0.60s, train loss: 26.0469]
Thu 28 Mar 2024 21:04:22 INFO  epoch 3 evaluating [time: 0.47s, valid_score: 0.228500]
Thu 28 Mar 2024 21:04:22 INFO  valid result: 
recall@10 : 0.0904    mrr@10 : 0.2285    ndcg@10 : 0.1155    hit@10 : 0.4963    precision@10 : 0.0908
Thu 28 Mar 2024 21:04:22 INFO  Saving current: saved\BPR-Mar-28-2024_21-04-15.pth
Thu 28 Mar 2024 21:04:23 INFO  epoch 4 training [time: 0.57s, train loss: 22.7424]
Thu 28 Mar 2024 21:04:23 INFO  epoch 4 evaluating [time: 0.64s, valid_score: 0.252500]
Thu 28 Mar 2024 21:04:23 INFO  valid result: 
recall@10 : 0.1017    mrr@10 : 0.2525    ndcg@10 : 0.129    hit@10 : 0.527    precision@10 : 0.0978
Thu 28 Mar 2024 21:04:23 INFO  Saving current: saved\BPR-Mar-28-2024_21-04-15.pth
Thu 28 Mar 2024 21:04:24 INFO  epoch 5 training [time: 0.62s, train loss: 18.4891]
Thu 28 Mar 2024 21:04:24 INFO  epoch 5 evaluating [time: 0.54s, valid_score: 0.268200]
Thu 28 Mar 2024 21:04:24 INFO  valid result: 
recall@10 : 0.1169    mrr@10 : 0.2682    ndcg@10 : 0.139    hit@10 : 0.5567    precision@10 : 0.1019
Thu 28 Mar 2024 21:04:24 INFO  Saving current: saved\BPR-Mar-28-2024_21-04-15.pth
Thu 28 Mar 2024 21:04:25 INFO  epoch 6 training [time: 0.61s, train loss: 15.6431]
Thu 28 Mar 2024 21:04:26 INFO  epoch 6 evaluating [time: 0.69s, valid_score: 0.277200]
Thu 28 Mar 2024 21:04:26 INFO  valid result: 
recall@10 : 0.1252    mrr@10 : 0.2772    ndcg@10 : 0.1457    hit@10 : 0.5801    precision@10 : 0.1054
Thu 28 Mar 2024 21:04:26 INFO  Saving current: saved\BPR-Mar-28-2024_21-04-15.pth
Thu 28 Mar 2024 21:04:27 INFO  epoch 7 training [time: 0.69s, train loss: 14.2810]
Thu 28 Mar 2024 21:04:27 INFO  epoch 7 evaluating [time: 0.76s, valid_score: 0.288200]
Thu 28 Mar 2024 21:04:27 INFO  valid result: 
recall@10 : 0.1258    mrr@10 : 0.2882    ndcg@10 : 0.1489    hit@10 : 0.5864    precision@10 : 0.1057
Thu 28 Mar 2024 21:04:27 INFO  Saving current: saved\BPR-Mar-28-2024_21-04-15.pth
Thu 28 Mar 2024 21:04:28 INFO  epoch 8 training [time: 0.56s, train loss: 13.4723]
Thu 28 Mar 2024 21:04:28 INFO  epoch 8 evaluating [time: 0.60s, valid_score: 0.294800]
Thu 28 Mar 2024 21:04:28 INFO  valid result: 
recall@10 : 0.1305    mrr@10 : 0.2948    ndcg@10 : 0.1541    hit@10 : 0.5917    precision@10 : 0.1078
Thu 28 Mar 2024 21:04:28 INFO  Saving current: saved\BPR-Mar-28-2024_21-04-15.pth
Thu 28 Mar 2024 21:04:29 INFO  epoch 9 training [time: 0.93s, train loss: 12.8887]
Thu 28 Mar 2024 21:04:30 INFO  epoch 9 evaluating [time: 0.66s, valid_score: 0.299100]
Thu 28 Mar 2024 21:04:30 INFO  valid result: 
recall@10 : 0.1395    mrr@10 : 0.2991    ndcg@10 : 0.1601    hit@10 : 0.6119    precision@10 : 0.112
Thu 28 Mar 2024 21:04:30 INFO  Saving current: saved\BPR-Mar-28-2024_21-04-15.pth
Thu 28 Mar 2024 21:04:30 INFO  Loading model structure and parameters from saved\BPR-Mar-28-2024_21-04-15.pth
Thu 28 Mar 2024 21:04:32 INFO  The running environment of this training is as follows:
+-------------+----------------+
| Environment |     Usage      |
+=============+================+
| CPU         |    39.10 %     |
+-------------+----------------+
| GPU         |   0.0 / 0.0    |
+-------------+----------------+
| Memory      | 0.36 G/15.79 G |
+-------------+----------------+
Thu 28 Mar 2024 21:04:32 INFO  best valid : OrderedDict([('recall@10', 0.1395), ('mrr@10', 0.2991), ('ndcg@10', 0.1601), ('hit@10', 0.6119), ('precision@10', 0.112)])
Thu 28 Mar 2024 21:04:32 INFO  test result: OrderedDict([('recall@10', 0.1546), ('mrr@10', 0.3565), ('ndcg@10', 0.1911), ('hit@10', 0.6394), ('precision@10', 0.1301)])
