Thu 28 Mar 2024 16:51:29 INFO  ['train.py']
Thu 28 Mar 2024 16:51:29 INFO  
General Hyper Parameters:
gpu_id = 0
use_gpu = True
seed = 2020
state = INFO
reproducibility = True
data_path = ./dataset\food_rating
checkpoint_dir = saved
show_progress = True
save_dataset = False
dataset_save_path = None
save_dataloaders = False
dataloaders_save_path = None
log_wandb = False

Training Hyper Parameters:
epochs = 300
train_batch_size = 2048
learner = adam
learning_rate = 0.001
train_neg_sample_args = {'distribution': 'uniform', 'sample_num': 1, 'alpha': 1.0, 'dynamic': False, 'candidate_num': 0}
eval_step = 1
stopping_step = 10
clip_grad_norm = None
weight_decay = 0.0
loss_decimal_place = 4

Evaluation Hyper Parameters:
eval_args = {'split': {'RS': [0.8, 0.1, 0.1]}, 'order': 'RO', 'group_by': 'user', 'mode': {'valid': 'full', 'test': 'full'}}
repeatable = False
metrics = ['Recall', 'MRR', 'NDCG', 'Hit', 'Precision']
topk = [10]
valid_metric = MRR@10
valid_metric_bigger = True
eval_batch_size = 4096
metric_decimal_place = 4

Dataset Hyper Parameters:
field_separator = 	
seq_separator =  
USER_ID_FIELD = user_id
ITEM_ID_FIELD = item_id
RATING_FIELD = rating
TIME_FIELD = timestamp
seq_len = None
LABEL_FIELD = label
threshold = None
NEG_PREFIX = neg_
load_col = {'inter': ['user_id', 'item_id']}
unload_col = None
unused_col = None
additional_feat_suffix = None
rm_dup_inter = None
val_interval = None
filter_inter_by_user_or_item = True
user_inter_num_interval = [0,inf)
item_inter_num_interval = [0,inf)
alias_of_user_id = None
alias_of_item_id = None
alias_of_entity_id = None
alias_of_relation_id = None
preload_weight = None
normalize_field = None
normalize_all = None
ITEM_LIST_LENGTH_FIELD = item_length
LIST_SUFFIX = _list
MAX_ITEM_LIST_LENGTH = 50
POSITION_FIELD = position_id
HEAD_ENTITY_ID_FIELD = head_id
TAIL_ENTITY_ID_FIELD = tail_id
RELATION_ID_FIELD = relation_id
ENTITY_ID_FIELD = entity_id
benchmark_filename = None

Other Hyper Parameters: 
worker = 0
wandb_project = recbole
shuffle = True
require_pow = False
enable_amp = False
enable_scaler = False
transform = None
embedding_size = 64
numerical_features = []
discretization = None
kg_reverse_r = False
entity_kg_num_interval = [0,inf)
relation_kg_num_interval = [0,inf)
MODEL_TYPE = ModelType.GENERAL
MODEL_INPUT_TYPE = InputType.PAIRWISE
eval_type = EvaluatorType.RANKING
single_spec = True
local_rank = 0
device = cpu
valid_neg_sample_args = {'distribution': 'uniform', 'sample_num': 'none'}
test_neg_sample_args = {'distribution': 'uniform', 'sample_num': 'none'}


Thu 28 Mar 2024 16:51:29 INFO  food_rating
The number of users: 4
Average actions of users: 1.3333333333333333
The number of items: 4
Average actions of items: 1.3333333333333333
The number of inters: 4
The sparsity of the dataset: 75.0%
Remain Fields: ['user_id', 'item_id']
Thu 28 Mar 2024 16:51:29 INFO  [Training]: train_batch_size = [2048] train_neg_sample_args: [{'distribution': 'uniform', 'sample_num': 1, 'alpha': 1.0, 'dynamic': False, 'candidate_num': 0}]
Thu 28 Mar 2024 16:51:29 INFO  [Evaluation]: eval_batch_size = [4096] eval_args: [{'split': {'RS': [0.8, 0.1, 0.1]}, 'order': 'RO', 'group_by': 'user', 'mode': {'valid': 'full', 'test': 'full'}}]
Thu 28 Mar 2024 16:51:29 INFO  BPR(
  (user_embedding): Embedding(4, 64)
  (item_embedding): Embedding(4, 64)
  (loss): BPRLoss()
)
Trainable parameters: 512
Thu 28 Mar 2024 16:51:29 INFO  FLOPs: 128.0
Thu 28 Mar 2024 16:51:31 INFO  epoch 0 training [time: 0.01s, train loss: 0.8313]
Thu 28 Mar 2024 16:51:31 INFO  Saving current: saved\BPR-Mar-28-2024_16-51-29.pth
Thu 28 Mar 2024 16:51:31 INFO  epoch 1 training [time: 0.01s, train loss: 0.7135]
Thu 28 Mar 2024 16:51:31 INFO  Saving current: saved\BPR-Mar-28-2024_16-51-29.pth
Thu 28 Mar 2024 16:51:31 INFO  epoch 2 training [time: 0.01s, train loss: 0.7017]
Thu 28 Mar 2024 16:51:31 INFO  Saving current: saved\BPR-Mar-28-2024_16-51-29.pth
Thu 28 Mar 2024 16:51:31 INFO  epoch 3 training [time: 0.01s, train loss: 0.7677]
Thu 28 Mar 2024 16:51:31 INFO  Saving current: saved\BPR-Mar-28-2024_16-51-29.pth
Thu 28 Mar 2024 16:51:31 INFO  epoch 4 training [time: 0.01s, train loss: 0.6733]
Thu 28 Mar 2024 16:51:31 INFO  Saving current: saved\BPR-Mar-28-2024_16-51-29.pth
Thu 28 Mar 2024 16:51:31 INFO  epoch 5 training [time: 0.01s, train loss: 0.6630]
Thu 28 Mar 2024 16:51:31 INFO  Saving current: saved\BPR-Mar-28-2024_16-51-29.pth
Thu 28 Mar 2024 16:51:31 INFO  epoch 6 training [time: 0.01s, train loss: 0.6588]
Thu 28 Mar 2024 16:51:31 INFO  Saving current: saved\BPR-Mar-28-2024_16-51-29.pth
Thu 28 Mar 2024 16:51:31 INFO  epoch 7 training [time: 0.01s, train loss: 0.6421]
Thu 28 Mar 2024 16:51:31 INFO  Saving current: saved\BPR-Mar-28-2024_16-51-29.pth
Thu 28 Mar 2024 16:51:31 INFO  epoch 8 training [time: 0.01s, train loss: 0.6256]
Thu 28 Mar 2024 16:51:31 INFO  Saving current: saved\BPR-Mar-28-2024_16-51-29.pth
Thu 28 Mar 2024 16:51:31 INFO  epoch 9 training [time: 0.01s, train loss: 0.6215]
Thu 28 Mar 2024 16:51:31 INFO  Saving current: saved\BPR-Mar-28-2024_16-51-29.pth
Thu 28 Mar 2024 16:51:31 INFO  epoch 10 training [time: 0.01s, train loss: 0.7112]
Thu 28 Mar 2024 16:51:31 INFO  Saving current: saved\BPR-Mar-28-2024_16-51-29.pth
Thu 28 Mar 2024 16:51:31 INFO  epoch 11 training [time: 0.01s, train loss: 0.5919]
Thu 28 Mar 2024 16:51:31 INFO  Saving current: saved\BPR-Mar-28-2024_16-51-29.pth
Thu 28 Mar 2024 16:51:31 INFO  epoch 12 training [time: 0.01s, train loss: 0.5896]
Thu 28 Mar 2024 16:51:31 INFO  Saving current: saved\BPR-Mar-28-2024_16-51-29.pth
Thu 28 Mar 2024 16:51:31 INFO  epoch 13 training [time: 0.01s, train loss: 0.5805]
Thu 28 Mar 2024 16:51:31 INFO  Saving current: saved\BPR-Mar-28-2024_16-51-29.pth
Thu 28 Mar 2024 16:51:31 INFO  epoch 14 training [time: 0.01s, train loss: 0.5816]
Thu 28 Mar 2024 16:51:31 INFO  Saving current: saved\BPR-Mar-28-2024_16-51-29.pth
Thu 28 Mar 2024 16:51:31 INFO  epoch 15 training [time: 0.01s, train loss: 0.6604]
Thu 28 Mar 2024 16:51:31 INFO  Saving current: saved\BPR-Mar-28-2024_16-51-29.pth
Thu 28 Mar 2024 16:51:31 INFO  epoch 16 training [time: 0.01s, train loss: 0.6623]
Thu 28 Mar 2024 16:51:31 INFO  Saving current: saved\BPR-Mar-28-2024_16-51-29.pth
Thu 28 Mar 2024 16:51:31 INFO  epoch 17 training [time: 0.01s, train loss: 0.6592]
Thu 28 Mar 2024 16:51:31 INFO  Saving current: saved\BPR-Mar-28-2024_16-51-29.pth
Thu 28 Mar 2024 16:51:31 INFO  epoch 18 training [time: 0.01s, train loss: 0.5309]
Thu 28 Mar 2024 16:51:31 INFO  Saving current: saved\BPR-Mar-28-2024_16-51-29.pth
Thu 28 Mar 2024 16:51:31 INFO  epoch 19 training [time: 0.01s, train loss: 0.6246]
Thu 28 Mar 2024 16:51:31 INFO  Saving current: saved\BPR-Mar-28-2024_16-51-29.pth
Thu 28 Mar 2024 16:51:31 INFO  epoch 20 training [time: 0.01s, train loss: 0.6213]
Thu 28 Mar 2024 16:51:31 INFO  Saving current: saved\BPR-Mar-28-2024_16-51-29.pth
Thu 28 Mar 2024 16:51:31 INFO  epoch 21 training [time: 0.01s, train loss: 0.5182]
Thu 28 Mar 2024 16:51:31 INFO  Saving current: saved\BPR-Mar-28-2024_16-51-29.pth
Thu 28 Mar 2024 16:51:31 INFO  epoch 22 training [time: 0.01s, train loss: 0.6149]
Thu 28 Mar 2024 16:51:31 INFO  Saving current: saved\BPR-Mar-28-2024_16-51-29.pth
Thu 28 Mar 2024 16:51:31 INFO  epoch 23 training [time: 0.01s, train loss: 0.4972]
Thu 28 Mar 2024 16:51:31 INFO  Saving current: saved\BPR-Mar-28-2024_16-51-29.pth
Thu 28 Mar 2024 16:51:31 INFO  epoch 24 training [time: 0.01s, train loss: 0.4837]
Thu 28 Mar 2024 16:51:31 INFO  Saving current: saved\BPR-Mar-28-2024_16-51-29.pth
Thu 28 Mar 2024 16:51:31 INFO  epoch 25 training [time: 0.01s, train loss: 0.5768]
Thu 28 Mar 2024 16:51:31 INFO  Saving current: saved\BPR-Mar-28-2024_16-51-29.pth
Thu 28 Mar 2024 16:51:31 INFO  epoch 26 training [time: 0.01s, train loss: 0.5756]
Thu 28 Mar 2024 16:51:31 INFO  Saving current: saved\BPR-Mar-28-2024_16-51-29.pth
Thu 28 Mar 2024 16:51:31 INFO  epoch 27 training [time: 0.01s, train loss: 0.4748]
Thu 28 Mar 2024 16:51:31 INFO  Saving current: saved\BPR-Mar-28-2024_16-51-29.pth
Thu 28 Mar 2024 16:51:31 INFO  epoch 28 training [time: 0.01s, train loss: 0.4677]
Thu 28 Mar 2024 16:51:31 INFO  Saving current: saved\BPR-Mar-28-2024_16-51-29.pth
Thu 28 Mar 2024 16:51:31 INFO  epoch 29 training [time: 0.01s, train loss: 0.4471]
Thu 28 Mar 2024 16:51:31 INFO  Saving current: saved\BPR-Mar-28-2024_16-51-29.pth
Thu 28 Mar 2024 16:51:31 INFO  epoch 30 training [time: 0.01s, train loss: 0.5495]
Thu 28 Mar 2024 16:51:31 INFO  Saving current: saved\BPR-Mar-28-2024_16-51-29.pth
Thu 28 Mar 2024 16:51:31 INFO  epoch 31 training [time: 0.01s, train loss: 0.5221]
Thu 28 Mar 2024 16:51:31 INFO  Saving current: saved\BPR-Mar-28-2024_16-51-29.pth
Thu 28 Mar 2024 16:51:31 INFO  epoch 32 training [time: 0.01s, train loss: 0.5277]
Thu 28 Mar 2024 16:51:31 INFO  Saving current: saved\BPR-Mar-28-2024_16-51-29.pth
Thu 28 Mar 2024 16:51:31 INFO  epoch 33 training [time: 0.01s, train loss: 0.5265]
Thu 28 Mar 2024 16:51:31 INFO  Saving current: saved\BPR-Mar-28-2024_16-51-29.pth
Thu 28 Mar 2024 16:51:31 INFO  epoch 34 training [time: 0.01s, train loss: 0.4201]
Thu 28 Mar 2024 16:51:31 INFO  Saving current: saved\BPR-Mar-28-2024_16-51-29.pth
Thu 28 Mar 2024 16:51:31 INFO  epoch 35 training [time: 0.01s, train loss: 0.4907]
Thu 28 Mar 2024 16:51:31 INFO  Saving current: saved\BPR-Mar-28-2024_16-51-29.pth
Thu 28 Mar 2024 16:51:31 INFO  epoch 36 training [time: 0.01s, train loss: 0.4211]
Thu 28 Mar 2024 16:51:31 INFO  Saving current: saved\BPR-Mar-28-2024_16-51-29.pth
Thu 28 Mar 2024 16:51:31 INFO  epoch 37 training [time: 0.01s, train loss: 0.4825]
Thu 28 Mar 2024 16:51:31 INFO  Saving current: saved\BPR-Mar-28-2024_16-51-29.pth
Thu 28 Mar 2024 16:51:31 INFO  epoch 38 training [time: 0.01s, train loss: 0.4683]
Thu 28 Mar 2024 16:51:31 INFO  Saving current: saved\BPR-Mar-28-2024_16-51-29.pth
Thu 28 Mar 2024 16:51:31 INFO  epoch 39 training [time: 0.01s, train loss: 0.4815]
Thu 28 Mar 2024 16:51:31 INFO  Saving current: saved\BPR-Mar-28-2024_16-51-29.pth
Thu 28 Mar 2024 16:51:31 INFO  epoch 40 training [time: 0.01s, train loss: 0.4740]
Thu 28 Mar 2024 16:51:31 INFO  Saving current: saved\BPR-Mar-28-2024_16-51-29.pth
Thu 28 Mar 2024 16:51:31 INFO  epoch 41 training [time: 0.01s, train loss: 0.4665]
Thu 28 Mar 2024 16:51:31 INFO  Saving current: saved\BPR-Mar-28-2024_16-51-29.pth
Thu 28 Mar 2024 16:51:31 INFO  epoch 42 training [time: 0.01s, train loss: 0.4589]
Thu 28 Mar 2024 16:51:31 INFO  Saving current: saved\BPR-Mar-28-2024_16-51-29.pth
Thu 28 Mar 2024 16:51:31 INFO  epoch 43 training [time: 0.01s, train loss: 0.4325]
Thu 28 Mar 2024 16:51:31 INFO  Saving current: saved\BPR-Mar-28-2024_16-51-29.pth
Thu 28 Mar 2024 16:51:31 INFO  epoch 44 training [time: 0.01s, train loss: 0.3555]
Thu 28 Mar 2024 16:51:31 INFO  Saving current: saved\BPR-Mar-28-2024_16-51-29.pth
Thu 28 Mar 2024 16:51:31 INFO  epoch 45 training [time: 0.01s, train loss: 0.4186]
Thu 28 Mar 2024 16:51:31 INFO  Saving current: saved\BPR-Mar-28-2024_16-51-29.pth
Thu 28 Mar 2024 16:51:31 INFO  epoch 46 training [time: 0.01s, train loss: 0.3633]
Thu 28 Mar 2024 16:51:31 INFO  Saving current: saved\BPR-Mar-28-2024_16-51-29.pth
Thu 28 Mar 2024 16:51:31 INFO  epoch 47 training [time: 0.01s, train loss: 0.4197]
Thu 28 Mar 2024 16:51:31 INFO  Saving current: saved\BPR-Mar-28-2024_16-51-29.pth
Thu 28 Mar 2024 16:51:31 INFO  epoch 48 training [time: 0.01s, train loss: 0.4024]
Thu 28 Mar 2024 16:51:31 INFO  Saving current: saved\BPR-Mar-28-2024_16-51-29.pth
Thu 28 Mar 2024 16:51:31 INFO  epoch 49 training [time: 0.01s, train loss: 0.3477]
Thu 28 Mar 2024 16:51:31 INFO  Saving current: saved\BPR-Mar-28-2024_16-51-29.pth
Thu 28 Mar 2024 16:51:31 INFO  epoch 50 training [time: 0.01s, train loss: 0.3394]
Thu 28 Mar 2024 16:51:31 INFO  Saving current: saved\BPR-Mar-28-2024_16-51-29.pth
Thu 28 Mar 2024 16:51:31 INFO  epoch 51 training [time: 0.01s, train loss: 0.3976]
Thu 28 Mar 2024 16:51:31 INFO  Saving current: saved\BPR-Mar-28-2024_16-51-29.pth
Thu 28 Mar 2024 16:51:31 INFO  epoch 52 training [time: 0.01s, train loss: 0.3320]
Thu 28 Mar 2024 16:51:32 INFO  Saving current: saved\BPR-Mar-28-2024_16-51-29.pth
Thu 28 Mar 2024 16:51:32 INFO  epoch 53 training [time: 0.01s, train loss: 0.3267]
Thu 28 Mar 2024 16:51:32 INFO  Saving current: saved\BPR-Mar-28-2024_16-51-29.pth
Thu 28 Mar 2024 16:51:32 INFO  epoch 54 training [time: 0.02s, train loss: 0.3214]
Thu 28 Mar 2024 16:51:32 INFO  Saving current: saved\BPR-Mar-28-2024_16-51-29.pth
Thu 28 Mar 2024 16:51:32 INFO  epoch 55 training [time: 0.04s, train loss: 0.3018]
Thu 28 Mar 2024 16:51:32 INFO  Saving current: saved\BPR-Mar-28-2024_16-51-29.pth
Thu 28 Mar 2024 16:51:32 INFO  epoch 56 training [time: 0.01s, train loss: 0.3542]
Thu 28 Mar 2024 16:51:32 INFO  Saving current: saved\BPR-Mar-28-2024_16-51-29.pth
Thu 28 Mar 2024 16:51:32 INFO  epoch 57 training [time: 0.01s, train loss: 0.3054]
Thu 28 Mar 2024 16:51:32 INFO  Saving current: saved\BPR-Mar-28-2024_16-51-29.pth
Thu 28 Mar 2024 16:51:32 INFO  epoch 58 training [time: 0.01s, train loss: 0.3569]
Thu 28 Mar 2024 16:51:32 INFO  Saving current: saved\BPR-Mar-28-2024_16-51-29.pth
Thu 28 Mar 2024 16:51:32 INFO  epoch 59 training [time: 0.01s, train loss: 0.3394]
Thu 28 Mar 2024 16:51:32 INFO  Saving current: saved\BPR-Mar-28-2024_16-51-29.pth
Thu 28 Mar 2024 16:51:32 INFO  epoch 60 training [time: 0.02s, train loss: 0.2796]
Thu 28 Mar 2024 16:51:32 INFO  Saving current: saved\BPR-Mar-28-2024_16-51-29.pth
Thu 28 Mar 2024 16:51:32 INFO  epoch 61 training [time: 0.01s, train loss: 0.3415]
Thu 28 Mar 2024 16:51:32 INFO  Saving current: saved\BPR-Mar-28-2024_16-51-29.pth
Thu 28 Mar 2024 16:51:32 INFO  epoch 62 training [time: 0.01s, train loss: 0.3242]
Thu 28 Mar 2024 16:51:32 INFO  Saving current: saved\BPR-Mar-28-2024_16-51-29.pth
Thu 28 Mar 2024 16:51:32 INFO  epoch 63 training [time: 0.02s, train loss: 0.2663]
Thu 28 Mar 2024 16:51:32 INFO  Saving current: saved\BPR-Mar-28-2024_16-51-29.pth
Thu 28 Mar 2024 16:51:32 INFO  epoch 64 training [time: 0.01s, train loss: 0.2740]
Thu 28 Mar 2024 16:51:32 INFO  Saving current: saved\BPR-Mar-28-2024_16-51-29.pth
Thu 28 Mar 2024 16:51:32 INFO  epoch 65 training [time: 0.01s, train loss: 0.2697]
Thu 28 Mar 2024 16:51:32 INFO  Saving current: saved\BPR-Mar-28-2024_16-51-29.pth
Thu 28 Mar 2024 16:51:32 INFO  epoch 66 training [time: 0.01s, train loss: 0.3181]
Thu 28 Mar 2024 16:51:32 INFO  Saving current: saved\BPR-Mar-28-2024_16-51-29.pth
Thu 28 Mar 2024 16:51:32 INFO  epoch 67 training [time: 0.02s, train loss: 0.3136]
Thu 28 Mar 2024 16:51:32 INFO  Saving current: saved\BPR-Mar-28-2024_16-51-29.pth
Thu 28 Mar 2024 16:51:32 INFO  epoch 68 training [time: 0.01s, train loss: 0.2472]
Thu 28 Mar 2024 16:51:32 INFO  Saving current: saved\BPR-Mar-28-2024_16-51-29.pth
Thu 28 Mar 2024 16:51:32 INFO  epoch 69 training [time: 0.01s, train loss: 0.2908]
Thu 28 Mar 2024 16:51:32 INFO  Saving current: saved\BPR-Mar-28-2024_16-51-29.pth
Thu 28 Mar 2024 16:51:32 INFO  epoch 70 training [time: 0.01s, train loss: 0.2980]
Thu 28 Mar 2024 16:51:32 INFO  Saving current: saved\BPR-Mar-28-2024_16-51-29.pth
Thu 28 Mar 2024 16:51:32 INFO  epoch 71 training [time: 0.01s, train loss: 0.2452]
Thu 28 Mar 2024 16:51:32 INFO  Saving current: saved\BPR-Mar-28-2024_16-51-29.pth
Thu 28 Mar 2024 16:51:32 INFO  epoch 72 training [time: 0.01s, train loss: 0.2297]
Thu 28 Mar 2024 16:51:32 INFO  Saving current: saved\BPR-Mar-28-2024_16-51-29.pth
Thu 28 Mar 2024 16:51:32 INFO  epoch 73 training [time: 0.01s, train loss: 0.2847]
Thu 28 Mar 2024 16:51:32 INFO  Saving current: saved\BPR-Mar-28-2024_16-51-29.pth
Thu 28 Mar 2024 16:51:32 INFO  epoch 74 training [time: 0.01s, train loss: 0.2724]
Thu 28 Mar 2024 16:51:32 INFO  Saving current: saved\BPR-Mar-28-2024_16-51-29.pth
Thu 28 Mar 2024 16:51:32 INFO  epoch 75 training [time: 0.01s, train loss: 0.2761]
Thu 28 Mar 2024 16:51:32 INFO  Saving current: saved\BPR-Mar-28-2024_16-51-29.pth
Thu 28 Mar 2024 16:51:32 INFO  epoch 76 training [time: 0.01s, train loss: 0.2603]
Thu 28 Mar 2024 16:51:32 INFO  Saving current: saved\BPR-Mar-28-2024_16-51-29.pth
Thu 28 Mar 2024 16:51:32 INFO  epoch 77 training [time: 0.01s, train loss: 0.2113]
Thu 28 Mar 2024 16:51:32 INFO  Saving current: saved\BPR-Mar-28-2024_16-51-29.pth
Thu 28 Mar 2024 16:51:32 INFO  epoch 78 training [time: 0.01s, train loss: 0.2634]
Thu 28 Mar 2024 16:51:32 INFO  Saving current: saved\BPR-Mar-28-2024_16-51-29.pth
Thu 28 Mar 2024 16:51:32 INFO  epoch 79 training [time: 0.01s, train loss: 0.2475]
Thu 28 Mar 2024 16:51:32 INFO  Saving current: saved\BPR-Mar-28-2024_16-51-29.pth
Thu 28 Mar 2024 16:51:32 INFO  epoch 80 training [time: 0.01s, train loss: 0.2607]
Thu 28 Mar 2024 16:51:32 INFO  Saving current: saved\BPR-Mar-28-2024_16-51-29.pth
Thu 28 Mar 2024 16:51:32 INFO  epoch 81 training [time: 0.01s, train loss: 0.2450]
Thu 28 Mar 2024 16:51:32 INFO  Saving current: saved\BPR-Mar-28-2024_16-51-29.pth
Thu 28 Mar 2024 16:51:32 INFO  epoch 82 training [time: 0.01s, train loss: 0.2064]
Thu 28 Mar 2024 16:51:32 INFO  Saving current: saved\BPR-Mar-28-2024_16-51-29.pth
Thu 28 Mar 2024 16:51:32 INFO  epoch 83 training [time: 0.01s, train loss: 0.1973]
Thu 28 Mar 2024 16:51:32 INFO  Saving current: saved\BPR-Mar-28-2024_16-51-29.pth
Thu 28 Mar 2024 16:51:32 INFO  epoch 84 training [time: 0.01s, train loss: 0.2398]
Thu 28 Mar 2024 16:51:32 INFO  Saving current: saved\BPR-Mar-28-2024_16-51-29.pth
Thu 28 Mar 2024 16:51:32 INFO  epoch 85 training [time: 0.01s, train loss: 0.2426]
Thu 28 Mar 2024 16:51:32 INFO  Saving current: saved\BPR-Mar-28-2024_16-51-29.pth
Thu 28 Mar 2024 16:51:32 INFO  epoch 86 training [time: 0.01s, train loss: 0.2391]
Thu 28 Mar 2024 16:51:32 INFO  Saving current: saved\BPR-Mar-28-2024_16-51-29.pth
Thu 28 Mar 2024 16:51:32 INFO  epoch 87 training [time: 0.01s, train loss: 0.1914]
Thu 28 Mar 2024 16:51:32 INFO  Saving current: saved\BPR-Mar-28-2024_16-51-29.pth
Thu 28 Mar 2024 16:51:32 INFO  epoch 88 training [time: 0.01s, train loss: 0.2132]
Thu 28 Mar 2024 16:51:32 INFO  Saving current: saved\BPR-Mar-28-2024_16-51-29.pth
Thu 28 Mar 2024 16:51:32 INFO  epoch 89 training [time: 0.01s, train loss: 0.2167]
Thu 28 Mar 2024 16:51:32 INFO  Saving current: saved\BPR-Mar-28-2024_16-51-29.pth
Thu 28 Mar 2024 16:51:32 INFO  epoch 90 training [time: 0.01s, train loss: 0.1708]
Thu 28 Mar 2024 16:51:32 INFO  Saving current: saved\BPR-Mar-28-2024_16-51-29.pth
Thu 28 Mar 2024 16:51:32 INFO  epoch 91 training [time: 0.02s, train loss: 0.2223]
Thu 28 Mar 2024 16:51:32 INFO  Saving current: saved\BPR-Mar-28-2024_16-51-29.pth
Thu 28 Mar 2024 16:51:32 INFO  epoch 92 training [time: 0.01s, train loss: 0.2121]
Thu 28 Mar 2024 16:51:32 INFO  Saving current: saved\BPR-Mar-28-2024_16-51-29.pth
Thu 28 Mar 2024 16:51:32 INFO  epoch 93 training [time: 0.01s, train loss: 0.1699]
Thu 28 Mar 2024 16:51:32 INFO  Saving current: saved\BPR-Mar-28-2024_16-51-29.pth
Thu 28 Mar 2024 16:51:32 INFO  epoch 94 training [time: 0.01s, train loss: 0.1727]
Thu 28 Mar 2024 16:51:32 INFO  Saving current: saved\BPR-Mar-28-2024_16-51-29.pth
Thu 28 Mar 2024 16:51:32 INFO  epoch 95 training [time: 0.01s, train loss: 0.1773]
Thu 28 Mar 2024 16:51:32 INFO  Saving current: saved\BPR-Mar-28-2024_16-51-29.pth
Thu 28 Mar 2024 16:51:32 INFO  epoch 96 training [time: 0.01s, train loss: 0.1624]
Thu 28 Mar 2024 16:51:32 INFO  Saving current: saved\BPR-Mar-28-2024_16-51-29.pth
Thu 28 Mar 2024 16:51:33 INFO  epoch 97 training [time: 0.01s, train loss: 0.1599]
Thu 28 Mar 2024 16:51:33 INFO  Saving current: saved\BPR-Mar-28-2024_16-51-29.pth
Thu 28 Mar 2024 16:51:33 INFO  epoch 98 training [time: 0.01s, train loss: 0.1698]
Thu 28 Mar 2024 16:51:33 INFO  Saving current: saved\BPR-Mar-28-2024_16-51-29.pth
Thu 28 Mar 2024 16:51:33 INFO  epoch 99 training [time: 0.01s, train loss: 0.1920]
Thu 28 Mar 2024 16:51:33 INFO  Saving current: saved\BPR-Mar-28-2024_16-51-29.pth
Thu 28 Mar 2024 16:51:33 INFO  epoch 100 training [time: 0.01s, train loss: 0.1771]
Thu 28 Mar 2024 16:51:33 INFO  Saving current: saved\BPR-Mar-28-2024_16-51-29.pth
Thu 28 Mar 2024 16:51:33 INFO  epoch 101 training [time: 0.01s, train loss: 0.1503]
Thu 28 Mar 2024 16:51:33 INFO  Saving current: saved\BPR-Mar-28-2024_16-51-29.pth
Thu 28 Mar 2024 16:51:33 INFO  epoch 102 training [time: 0.01s, train loss: 0.1411]
Thu 28 Mar 2024 16:51:33 INFO  Saving current: saved\BPR-Mar-28-2024_16-51-29.pth
Thu 28 Mar 2024 16:51:33 INFO  epoch 103 training [time: 0.01s, train loss: 0.1513]
Thu 28 Mar 2024 16:51:33 INFO  Saving current: saved\BPR-Mar-28-2024_16-51-29.pth
Thu 28 Mar 2024 16:51:33 INFO  epoch 104 training [time: 0.01s, train loss: 0.1365]
Thu 28 Mar 2024 16:51:33 INFO  Saving current: saved\BPR-Mar-28-2024_16-51-29.pth
Thu 28 Mar 2024 16:51:33 INFO  epoch 105 training [time: 0.01s, train loss: 0.1412]
Thu 28 Mar 2024 16:51:33 INFO  Saving current: saved\BPR-Mar-28-2024_16-51-29.pth
Thu 28 Mar 2024 16:51:33 INFO  epoch 106 training [time: 0.01s, train loss: 0.1517]
Thu 28 Mar 2024 16:51:33 INFO  Saving current: saved\BPR-Mar-28-2024_16-51-29.pth
Thu 28 Mar 2024 16:51:33 INFO  epoch 107 training [time: 0.01s, train loss: 0.1672]
Thu 28 Mar 2024 16:51:33 INFO  Saving current: saved\BPR-Mar-28-2024_16-51-29.pth
Thu 28 Mar 2024 16:51:33 INFO  epoch 108 training [time: 0.01s, train loss: 0.1649]
Thu 28 Mar 2024 16:51:33 INFO  Saving current: saved\BPR-Mar-28-2024_16-51-29.pth
Thu 28 Mar 2024 16:51:33 INFO  epoch 109 training [time: 0.01s, train loss: 0.1755]
Thu 28 Mar 2024 16:51:33 INFO  Saving current: saved\BPR-Mar-28-2024_16-51-29.pth
Thu 28 Mar 2024 16:51:33 INFO  epoch 110 training [time: 0.01s, train loss: 0.1435]
Thu 28 Mar 2024 16:51:33 INFO  Saving current: saved\BPR-Mar-28-2024_16-51-29.pth
Thu 28 Mar 2024 16:51:33 INFO  epoch 111 training [time: 0.01s, train loss: 0.1284]
Thu 28 Mar 2024 16:51:33 INFO  Saving current: saved\BPR-Mar-28-2024_16-51-29.pth
Thu 28 Mar 2024 16:51:33 INFO  epoch 112 training [time: 0.01s, train loss: 0.1264]
Thu 28 Mar 2024 16:51:33 INFO  Saving current: saved\BPR-Mar-28-2024_16-51-29.pth
Thu 28 Mar 2024 16:51:33 INFO  epoch 113 training [time: 0.01s, train loss: 0.1181]
Thu 28 Mar 2024 16:51:33 INFO  Saving current: saved\BPR-Mar-28-2024_16-51-29.pth
Thu 28 Mar 2024 16:51:33 INFO  epoch 114 training [time: 0.01s, train loss: 0.1514]
Thu 28 Mar 2024 16:51:33 INFO  Saving current: saved\BPR-Mar-28-2024_16-51-29.pth
Thu 28 Mar 2024 16:51:33 INFO  epoch 115 training [time: 0.01s, train loss: 0.1204]
Thu 28 Mar 2024 16:51:33 INFO  Saving current: saved\BPR-Mar-28-2024_16-51-29.pth
Thu 28 Mar 2024 16:51:33 INFO  epoch 116 training [time: 0.01s, train loss: 0.1549]
Thu 28 Mar 2024 16:51:33 INFO  Saving current: saved\BPR-Mar-28-2024_16-51-29.pth
Thu 28 Mar 2024 16:51:33 INFO  epoch 117 training [time: 0.01s, train loss: 0.1394]
Thu 28 Mar 2024 16:51:33 INFO  Saving current: saved\BPR-Mar-28-2024_16-51-29.pth
Thu 28 Mar 2024 16:51:33 INFO  epoch 118 training [time: 0.01s, train loss: 0.1230]
Thu 28 Mar 2024 16:51:33 INFO  Saving current: saved\BPR-Mar-28-2024_16-51-29.pth
Thu 28 Mar 2024 16:51:33 INFO  epoch 119 training [time: 0.01s, train loss: 0.1550]
Thu 28 Mar 2024 16:51:33 INFO  Saving current: saved\BPR-Mar-28-2024_16-51-29.pth
Thu 28 Mar 2024 16:51:33 INFO  epoch 120 training [time: 0.01s, train loss: 0.1253]
Thu 28 Mar 2024 16:51:33 INFO  Saving current: saved\BPR-Mar-28-2024_16-51-29.pth
Thu 28 Mar 2024 16:51:33 INFO  epoch 121 training [time: 0.02s, train loss: 0.1042]
Thu 28 Mar 2024 16:51:33 INFO  Saving current: saved\BPR-Mar-28-2024_16-51-29.pth
Thu 28 Mar 2024 16:51:33 INFO  epoch 122 training [time: 0.01s, train loss: 0.1354]
Thu 28 Mar 2024 16:51:33 INFO  Saving current: saved\BPR-Mar-28-2024_16-51-29.pth
Thu 28 Mar 2024 16:51:33 INFO  epoch 123 training [time: 0.01s, train loss: 0.1151]
Thu 28 Mar 2024 16:51:33 INFO  Saving current: saved\BPR-Mar-28-2024_16-51-29.pth
Thu 28 Mar 2024 16:51:33 INFO  epoch 124 training [time: 0.01s, train loss: 0.1264]
Thu 28 Mar 2024 16:51:33 INFO  Saving current: saved\BPR-Mar-28-2024_16-51-29.pth
Thu 28 Mar 2024 16:51:33 INFO  epoch 125 training [time: 0.01s, train loss: 0.1247]
Thu 28 Mar 2024 16:51:33 INFO  Saving current: saved\BPR-Mar-28-2024_16-51-29.pth
Thu 28 Mar 2024 16:51:33 INFO  epoch 126 training [time: 0.01s, train loss: 0.1159]
Thu 28 Mar 2024 16:51:33 INFO  Saving current: saved\BPR-Mar-28-2024_16-51-29.pth
Thu 28 Mar 2024 16:51:33 INFO  epoch 127 training [time: 0.01s, train loss: 0.0950]
Thu 28 Mar 2024 16:51:33 INFO  Saving current: saved\BPR-Mar-28-2024_16-51-29.pth
Thu 28 Mar 2024 16:51:33 INFO  epoch 128 training [time: 0.01s, train loss: 0.1336]
Thu 28 Mar 2024 16:51:33 INFO  Saving current: saved\BPR-Mar-28-2024_16-51-29.pth
Thu 28 Mar 2024 16:51:33 INFO  epoch 129 training [time: 0.01s, train loss: 0.1373]
Thu 28 Mar 2024 16:51:33 INFO  Saving current: saved\BPR-Mar-28-2024_16-51-29.pth
Thu 28 Mar 2024 16:51:33 INFO  epoch 130 training [time: 0.01s, train loss: 0.1048]
Thu 28 Mar 2024 16:51:33 INFO  Saving current: saved\BPR-Mar-28-2024_16-51-29.pth
Thu 28 Mar 2024 16:51:33 INFO  epoch 131 training [time: 0.01s, train loss: 0.1088]
Thu 28 Mar 2024 16:51:33 INFO  Saving current: saved\BPR-Mar-28-2024_16-51-29.pth
Thu 28 Mar 2024 16:51:33 INFO  epoch 132 training [time: 0.01s, train loss: 0.1074]
Thu 28 Mar 2024 16:51:33 INFO  Saving current: saved\BPR-Mar-28-2024_16-51-29.pth
Thu 28 Mar 2024 16:51:33 INFO  epoch 133 training [time: 0.01s, train loss: 0.1255]
Thu 28 Mar 2024 16:51:33 INFO  Saving current: saved\BPR-Mar-28-2024_16-51-29.pth
Thu 28 Mar 2024 16:51:33 INFO  epoch 134 training [time: 0.01s, train loss: 0.1293]
Thu 28 Mar 2024 16:51:33 INFO  Saving current: saved\BPR-Mar-28-2024_16-51-29.pth
Thu 28 Mar 2024 16:51:33 INFO  epoch 135 training [time: 0.01s, train loss: 0.1277]
Thu 28 Mar 2024 16:51:33 INFO  Saving current: saved\BPR-Mar-28-2024_16-51-29.pth
Thu 28 Mar 2024 16:51:33 INFO  epoch 136 training [time: 0.01s, train loss: 0.1128]
Thu 28 Mar 2024 16:51:33 INFO  Saving current: saved\BPR-Mar-28-2024_16-51-29.pth
Thu 28 Mar 2024 16:51:33 INFO  epoch 137 training [time: 0.01s, train loss: 0.1060]
Thu 28 Mar 2024 16:51:33 INFO  Saving current: saved\BPR-Mar-28-2024_16-51-29.pth
Thu 28 Mar 2024 16:51:33 INFO  epoch 138 training [time: 0.01s, train loss: 0.0993]
Thu 28 Mar 2024 16:51:33 INFO  Saving current: saved\BPR-Mar-28-2024_16-51-29.pth
Thu 28 Mar 2024 16:51:33 INFO  epoch 139 training [time: 0.01s, train loss: 0.1214]
Thu 28 Mar 2024 16:51:33 INFO  Saving current: saved\BPR-Mar-28-2024_16-51-29.pth
Thu 28 Mar 2024 16:51:33 INFO  epoch 140 training [time: 0.01s, train loss: 0.1147]
Thu 28 Mar 2024 16:51:33 INFO  Saving current: saved\BPR-Mar-28-2024_16-51-29.pth
Thu 28 Mar 2024 16:51:33 INFO  epoch 141 training [time: 0.01s, train loss: 0.0905]
Thu 28 Mar 2024 16:51:33 INFO  Saving current: saved\BPR-Mar-28-2024_16-51-29.pth
Thu 28 Mar 2024 16:51:33 INFO  epoch 142 training [time: 0.01s, train loss: 0.0944]
Thu 28 Mar 2024 16:51:33 INFO  Saving current: saved\BPR-Mar-28-2024_16-51-29.pth
Thu 28 Mar 2024 16:51:33 INFO  epoch 143 training [time: 0.01s, train loss: 0.1103]
Thu 28 Mar 2024 16:51:33 INFO  Saving current: saved\BPR-Mar-28-2024_16-51-29.pth
Thu 28 Mar 2024 16:51:33 INFO  epoch 144 training [time: 0.01s, train loss: 0.0920]
Thu 28 Mar 2024 16:51:33 INFO  Saving current: saved\BPR-Mar-28-2024_16-51-29.pth
Thu 28 Mar 2024 16:51:33 INFO  epoch 145 training [time: 0.01s, train loss: 0.0787]
Thu 28 Mar 2024 16:51:33 INFO  Saving current: saved\BPR-Mar-28-2024_16-51-29.pth
Thu 28 Mar 2024 16:51:33 INFO  epoch 146 training [time: 0.01s, train loss: 0.0777]
Thu 28 Mar 2024 16:51:33 INFO  Saving current: saved\BPR-Mar-28-2024_16-51-29.pth
Thu 28 Mar 2024 16:51:33 INFO  epoch 147 training [time: 0.01s, train loss: 0.0931]
Thu 28 Mar 2024 16:51:33 INFO  Saving current: saved\BPR-Mar-28-2024_16-51-29.pth
Thu 28 Mar 2024 16:51:33 INFO  epoch 148 training [time: 0.01s, train loss: 0.0825]
Thu 28 Mar 2024 16:51:33 INFO  Saving current: saved\BPR-Mar-28-2024_16-51-29.pth
Thu 28 Mar 2024 16:51:33 INFO  epoch 149 training [time: 0.01s, train loss: 0.1026]
Thu 28 Mar 2024 16:51:33 INFO  Saving current: saved\BPR-Mar-28-2024_16-51-29.pth
Thu 28 Mar 2024 16:51:33 INFO  epoch 150 training [time: 0.01s, train loss: 0.0804]
Thu 28 Mar 2024 16:51:33 INFO  Saving current: saved\BPR-Mar-28-2024_16-51-29.pth
Thu 28 Mar 2024 16:51:33 INFO  epoch 151 training [time: 0.01s, train loss: 0.0728]
Thu 28 Mar 2024 16:51:33 INFO  Saving current: saved\BPR-Mar-28-2024_16-51-29.pth
Thu 28 Mar 2024 16:51:33 INFO  epoch 152 training [time: 0.01s, train loss: 0.0833]
Thu 28 Mar 2024 16:51:33 INFO  Saving current: saved\BPR-Mar-28-2024_16-51-29.pth
Thu 28 Mar 2024 16:51:34 INFO  epoch 153 training [time: 0.01s, train loss: 0.0978]
Thu 28 Mar 2024 16:51:34 INFO  Saving current: saved\BPR-Mar-28-2024_16-51-29.pth
Thu 28 Mar 2024 16:51:34 INFO  epoch 154 training [time: 0.01s, train loss: 0.0856]
Thu 28 Mar 2024 16:51:34 INFO  Saving current: saved\BPR-Mar-28-2024_16-51-29.pth
Thu 28 Mar 2024 16:51:34 INFO  epoch 155 training [time: 0.01s, train loss: 0.0956]
Thu 28 Mar 2024 16:51:34 INFO  Saving current: saved\BPR-Mar-28-2024_16-51-29.pth
Thu 28 Mar 2024 16:51:34 INFO  epoch 156 training [time: 0.01s, train loss: 0.0744]
Thu 28 Mar 2024 16:51:34 INFO  Saving current: saved\BPR-Mar-28-2024_16-51-29.pth
Thu 28 Mar 2024 16:51:34 INFO  epoch 157 training [time: 0.01s, train loss: 0.0933]
Thu 28 Mar 2024 16:51:34 INFO  Saving current: saved\BPR-Mar-28-2024_16-51-29.pth
Thu 28 Mar 2024 16:51:34 INFO  epoch 158 training [time: 0.01s, train loss: 0.0972]
Thu 28 Mar 2024 16:51:34 INFO  Saving current: saved\BPR-Mar-28-2024_16-51-29.pth
Thu 28 Mar 2024 16:51:34 INFO  epoch 159 training [time: 0.01s, train loss: 0.0961]
Thu 28 Mar 2024 16:51:34 INFO  Saving current: saved\BPR-Mar-28-2024_16-51-29.pth
Thu 28 Mar 2024 16:51:34 INFO  epoch 160 training [time: 0.01s, train loss: 0.0653]
Thu 28 Mar 2024 16:51:34 INFO  Saving current: saved\BPR-Mar-28-2024_16-51-29.pth
Thu 28 Mar 2024 16:51:34 INFO  epoch 161 training [time: 0.01s, train loss: 0.0748]
Thu 28 Mar 2024 16:51:34 INFO  Saving current: saved\BPR-Mar-28-2024_16-51-29.pth
Thu 28 Mar 2024 16:51:34 INFO  epoch 162 training [time: 0.01s, train loss: 0.0879]
Thu 28 Mar 2024 16:51:34 INFO  Saving current: saved\BPR-Mar-28-2024_16-51-29.pth
Thu 28 Mar 2024 16:51:34 INFO  epoch 163 training [time: 0.01s, train loss: 0.0579]
Thu 28 Mar 2024 16:51:34 INFO  Saving current: saved\BPR-Mar-28-2024_16-51-29.pth
Thu 28 Mar 2024 16:51:34 INFO  epoch 164 training [time: 0.01s, train loss: 0.0722]
Thu 28 Mar 2024 16:51:34 INFO  Saving current: saved\BPR-Mar-28-2024_16-51-29.pth
Thu 28 Mar 2024 16:51:34 INFO  epoch 165 training [time: 0.01s, train loss: 0.0899]
Thu 28 Mar 2024 16:51:34 INFO  Saving current: saved\BPR-Mar-28-2024_16-51-29.pth
Thu 28 Mar 2024 16:51:34 INFO  epoch 166 training [time: 0.01s, train loss: 0.0839]
Thu 28 Mar 2024 16:51:34 INFO  Saving current: saved\BPR-Mar-28-2024_16-51-29.pth
Thu 28 Mar 2024 16:51:34 INFO  epoch 167 training [time: 0.01s, train loss: 0.0829]
Thu 28 Mar 2024 16:51:34 INFO  Saving current: saved\BPR-Mar-28-2024_16-51-29.pth
Thu 28 Mar 2024 16:51:34 INFO  epoch 168 training [time: 0.01s, train loss: 0.0640]
Thu 28 Mar 2024 16:51:34 INFO  Saving current: saved\BPR-Mar-28-2024_16-51-29.pth
Thu 28 Mar 2024 16:51:34 INFO  epoch 169 training [time: 0.01s, train loss: 0.0537]
Thu 28 Mar 2024 16:51:34 INFO  Saving current: saved\BPR-Mar-28-2024_16-51-29.pth
Thu 28 Mar 2024 16:51:34 INFO  epoch 170 training [time: 0.01s, train loss: 0.0674]
Thu 28 Mar 2024 16:51:34 INFO  Saving current: saved\BPR-Mar-28-2024_16-51-29.pth
Thu 28 Mar 2024 16:51:34 INFO  epoch 171 training [time: 0.01s, train loss: 0.0617]
Thu 28 Mar 2024 16:51:34 INFO  Saving current: saved\BPR-Mar-28-2024_16-51-29.pth
Thu 28 Mar 2024 16:51:34 INFO  epoch 172 training [time: 0.01s, train loss: 0.0568]
Thu 28 Mar 2024 16:51:34 INFO  Saving current: saved\BPR-Mar-28-2024_16-51-29.pth
Thu 28 Mar 2024 16:51:34 INFO  epoch 173 training [time: 0.01s, train loss: 0.0511]
Thu 28 Mar 2024 16:51:34 INFO  Saving current: saved\BPR-Mar-28-2024_16-51-29.pth
Thu 28 Mar 2024 16:51:34 INFO  epoch 174 training [time: 0.01s, train loss: 0.0555]
Thu 28 Mar 2024 16:51:34 INFO  Saving current: saved\BPR-Mar-28-2024_16-51-29.pth
Thu 28 Mar 2024 16:51:34 INFO  epoch 175 training [time: 0.01s, train loss: 0.0671]
Thu 28 Mar 2024 16:51:34 INFO  Saving current: saved\BPR-Mar-28-2024_16-51-29.pth
Thu 28 Mar 2024 16:51:34 INFO  epoch 176 training [time: 0.01s, train loss: 0.0663]
Thu 28 Mar 2024 16:51:34 INFO  Saving current: saved\BPR-Mar-28-2024_16-51-29.pth
Thu 28 Mar 2024 16:51:34 INFO  epoch 177 training [time: 0.01s, train loss: 0.0706]
Thu 28 Mar 2024 16:51:34 INFO  Saving current: saved\BPR-Mar-28-2024_16-51-29.pth
Thu 28 Mar 2024 16:51:34 INFO  epoch 178 training [time: 0.01s, train loss: 0.0787]
Thu 28 Mar 2024 16:51:34 INFO  Saving current: saved\BPR-Mar-28-2024_16-51-29.pth
Thu 28 Mar 2024 16:51:34 INFO  epoch 179 training [time: 0.01s, train loss: 0.0729]
Thu 28 Mar 2024 16:51:34 INFO  Saving current: saved\BPR-Mar-28-2024_16-51-29.pth
Thu 28 Mar 2024 16:51:34 INFO  epoch 180 training [time: 0.01s, train loss: 0.0556]
Thu 28 Mar 2024 16:51:34 INFO  Saving current: saved\BPR-Mar-28-2024_16-51-29.pth
Thu 28 Mar 2024 16:51:34 INFO  epoch 181 training [time: 0.01s, train loss: 0.0626]
Thu 28 Mar 2024 16:51:34 INFO  Saving current: saved\BPR-Mar-28-2024_16-51-29.pth
Thu 28 Mar 2024 16:51:34 INFO  epoch 182 training [time: 0.01s, train loss: 0.0457]
Thu 28 Mar 2024 16:51:34 INFO  Saving current: saved\BPR-Mar-28-2024_16-51-29.pth
Thu 28 Mar 2024 16:51:34 INFO  epoch 183 training [time: 0.01s, train loss: 0.0538]
Thu 28 Mar 2024 16:51:34 INFO  Saving current: saved\BPR-Mar-28-2024_16-51-29.pth
Thu 28 Mar 2024 16:51:34 INFO  epoch 184 training [time: 0.01s, train loss: 0.0655]
Thu 28 Mar 2024 16:51:34 INFO  Saving current: saved\BPR-Mar-28-2024_16-51-29.pth
Thu 28 Mar 2024 16:51:34 INFO  epoch 185 training [time: 0.01s, train loss: 0.0685]
Thu 28 Mar 2024 16:51:34 INFO  Saving current: saved\BPR-Mar-28-2024_16-51-29.pth
Thu 28 Mar 2024 16:51:34 INFO  epoch 186 training [time: 0.01s, train loss: 0.0591]
Thu 28 Mar 2024 16:51:34 INFO  Saving current: saved\BPR-Mar-28-2024_16-51-29.pth
Thu 28 Mar 2024 16:51:34 INFO  epoch 187 training [time: 0.01s, train loss: 0.0479]
Thu 28 Mar 2024 16:51:34 INFO  Saving current: saved\BPR-Mar-28-2024_16-51-29.pth
Thu 28 Mar 2024 16:51:34 INFO  epoch 188 training [time: 0.01s, train loss: 0.0560]
Thu 28 Mar 2024 16:51:34 INFO  Saving current: saved\BPR-Mar-28-2024_16-51-29.pth
Thu 28 Mar 2024 16:51:34 INFO  epoch 189 training [time: 0.01s, train loss: 0.0469]
Thu 28 Mar 2024 16:51:34 INFO  Saving current: saved\BPR-Mar-28-2024_16-51-29.pth
Thu 28 Mar 2024 16:51:34 INFO  epoch 190 training [time: 0.01s, train loss: 0.0414]
Thu 28 Mar 2024 16:51:34 INFO  Saving current: saved\BPR-Mar-28-2024_16-51-29.pth
Thu 28 Mar 2024 16:51:34 INFO  epoch 191 training [time: 0.01s, train loss: 0.0645]
Thu 28 Mar 2024 16:51:34 INFO  Saving current: saved\BPR-Mar-28-2024_16-51-29.pth
Thu 28 Mar 2024 16:51:34 INFO  epoch 192 training [time: 0.01s, train loss: 0.0404]
Thu 28 Mar 2024 16:51:34 INFO  Saving current: saved\BPR-Mar-28-2024_16-51-29.pth
Thu 28 Mar 2024 16:51:34 INFO  epoch 193 training [time: 0.01s, train loss: 0.0682]
Thu 28 Mar 2024 16:51:34 INFO  Saving current: saved\BPR-Mar-28-2024_16-51-29.pth
Thu 28 Mar 2024 16:51:34 INFO  epoch 194 training [time: 0.01s, train loss: 0.0590]
Thu 28 Mar 2024 16:51:34 INFO  Saving current: saved\BPR-Mar-28-2024_16-51-29.pth
Thu 28 Mar 2024 16:51:34 INFO  epoch 195 training [time: 0.01s, train loss: 0.0584]
Thu 28 Mar 2024 16:51:34 INFO  Saving current: saved\BPR-Mar-28-2024_16-51-29.pth
Thu 28 Mar 2024 16:51:34 INFO  epoch 196 training [time: 0.01s, train loss: 0.0529]
Thu 28 Mar 2024 16:51:34 INFO  Saving current: saved\BPR-Mar-28-2024_16-51-29.pth
Thu 28 Mar 2024 16:51:34 INFO  epoch 197 training [time: 0.01s, train loss: 0.0467]
Thu 28 Mar 2024 16:51:34 INFO  Saving current: saved\BPR-Mar-28-2024_16-51-29.pth
Thu 28 Mar 2024 16:51:34 INFO  epoch 198 training [time: 0.01s, train loss: 0.0424]
Thu 28 Mar 2024 16:51:34 INFO  Saving current: saved\BPR-Mar-28-2024_16-51-29.pth
Thu 28 Mar 2024 16:51:34 INFO  epoch 199 training [time: 0.01s, train loss: 0.0597]
Thu 28 Mar 2024 16:51:34 INFO  Saving current: saved\BPR-Mar-28-2024_16-51-29.pth
Thu 28 Mar 2024 16:51:34 INFO  epoch 200 training [time: 0.01s, train loss: 0.0592]
Thu 28 Mar 2024 16:51:34 INFO  Saving current: saved\BPR-Mar-28-2024_16-51-29.pth
Thu 28 Mar 2024 16:51:34 INFO  epoch 201 training [time: 0.01s, train loss: 0.0501]
Thu 28 Mar 2024 16:51:34 INFO  Saving current: saved\BPR-Mar-28-2024_16-51-29.pth
Thu 28 Mar 2024 16:51:34 INFO  epoch 202 training [time: 0.01s, train loss: 0.0492]
Thu 28 Mar 2024 16:51:34 INFO  Saving current: saved\BPR-Mar-28-2024_16-51-29.pth
Thu 28 Mar 2024 16:51:34 INFO  epoch 203 training [time: 0.01s, train loss: 0.0536]
Thu 28 Mar 2024 16:51:34 INFO  Saving current: saved\BPR-Mar-28-2024_16-51-29.pth
Thu 28 Mar 2024 16:51:34 INFO  epoch 204 training [time: 0.01s, train loss: 0.0484]
Thu 28 Mar 2024 16:51:34 INFO  Saving current: saved\BPR-Mar-28-2024_16-51-29.pth
Thu 28 Mar 2024 16:51:34 INFO  epoch 205 training [time: 0.01s, train loss: 0.0610]
Thu 28 Mar 2024 16:51:34 INFO  Saving current: saved\BPR-Mar-28-2024_16-51-29.pth
Thu 28 Mar 2024 16:51:35 INFO  epoch 206 training [time: 0.01s, train loss: 0.0344]
Thu 28 Mar 2024 16:51:35 INFO  Saving current: saved\BPR-Mar-28-2024_16-51-29.pth
Thu 28 Mar 2024 16:51:35 INFO  epoch 207 training [time: 0.01s, train loss: 0.0598]
Thu 28 Mar 2024 16:51:35 INFO  Saving current: saved\BPR-Mar-28-2024_16-51-29.pth
Thu 28 Mar 2024 16:51:35 INFO  epoch 208 training [time: 0.01s, train loss: 0.0382]
Thu 28 Mar 2024 16:51:35 INFO  Saving current: saved\BPR-Mar-28-2024_16-51-29.pth
Thu 28 Mar 2024 16:51:35 INFO  epoch 209 training [time: 0.01s, train loss: 0.0462]
Thu 28 Mar 2024 16:51:35 INFO  Saving current: saved\BPR-Mar-28-2024_16-51-29.pth
Thu 28 Mar 2024 16:51:35 INFO  epoch 210 training [time: 0.01s, train loss: 0.0458]
Thu 28 Mar 2024 16:51:35 INFO  Saving current: saved\BPR-Mar-28-2024_16-51-29.pth
Thu 28 Mar 2024 16:51:35 INFO  epoch 211 training [time: 0.01s, train loss: 0.0533]
Thu 28 Mar 2024 16:51:35 INFO  Saving current: saved\BPR-Mar-28-2024_16-51-29.pth
Thu 28 Mar 2024 16:51:35 INFO  epoch 212 training [time: 0.01s, train loss: 0.0444]
Thu 28 Mar 2024 16:51:35 INFO  Saving current: saved\BPR-Mar-28-2024_16-51-29.pth
Thu 28 Mar 2024 16:51:35 INFO  epoch 213 training [time: 0.01s, train loss: 0.0483]
Thu 28 Mar 2024 16:51:35 INFO  Saving current: saved\BPR-Mar-28-2024_16-51-29.pth
Thu 28 Mar 2024 16:51:35 INFO  epoch 214 training [time: 0.01s, train loss: 0.0518]
Thu 28 Mar 2024 16:51:35 INFO  Saving current: saved\BPR-Mar-28-2024_16-51-29.pth
Thu 28 Mar 2024 16:51:35 INFO  epoch 215 training [time: 0.01s, train loss: 0.0312]
Thu 28 Mar 2024 16:51:35 INFO  Saving current: saved\BPR-Mar-28-2024_16-51-29.pth
Thu 28 Mar 2024 16:51:35 INFO  epoch 216 training [time: 0.01s, train loss: 0.0434]
Thu 28 Mar 2024 16:51:35 INFO  Saving current: saved\BPR-Mar-28-2024_16-51-29.pth
Thu 28 Mar 2024 16:51:35 INFO  epoch 217 training [time: 0.01s, train loss: 0.0430]
Thu 28 Mar 2024 16:51:35 INFO  Saving current: saved\BPR-Mar-28-2024_16-51-29.pth
Thu 28 Mar 2024 16:51:35 INFO  epoch 218 training [time: 0.01s, train loss: 0.0418]
Thu 28 Mar 2024 16:51:35 INFO  Saving current: saved\BPR-Mar-28-2024_16-51-29.pth
Thu 28 Mar 2024 16:51:35 INFO  epoch 219 training [time: 0.01s, train loss: 0.0299]
Thu 28 Mar 2024 16:51:35 INFO  Saving current: saved\BPR-Mar-28-2024_16-51-29.pth
Thu 28 Mar 2024 16:51:35 INFO  epoch 220 training [time: 0.01s, train loss: 0.0338]
Thu 28 Mar 2024 16:51:35 INFO  Saving current: saved\BPR-Mar-28-2024_16-51-29.pth
Thu 28 Mar 2024 16:51:35 INFO  epoch 221 training [time: 0.01s, train loss: 0.0447]
Thu 28 Mar 2024 16:51:35 INFO  Saving current: saved\BPR-Mar-28-2024_16-51-29.pth
Thu 28 Mar 2024 16:51:35 INFO  epoch 222 training [time: 0.01s, train loss: 0.0443]
Thu 28 Mar 2024 16:51:35 INFO  Saving current: saved\BPR-Mar-28-2024_16-51-29.pth
Thu 28 Mar 2024 16:51:35 INFO  epoch 223 training [time: 0.01s, train loss: 0.0368]
Thu 28 Mar 2024 16:51:35 INFO  Saving current: saved\BPR-Mar-28-2024_16-51-29.pth
Thu 28 Mar 2024 16:51:35 INFO  epoch 224 training [time: 0.01s, train loss: 0.0515]
Thu 28 Mar 2024 16:51:35 INFO  Saving current: saved\BPR-Mar-28-2024_16-51-29.pth
Thu 28 Mar 2024 16:51:35 INFO  epoch 225 training [time: 0.01s, train loss: 0.0511]
Thu 28 Mar 2024 16:51:35 INFO  Saving current: saved\BPR-Mar-28-2024_16-51-29.pth
Thu 28 Mar 2024 16:51:35 INFO  epoch 226 training [time: 0.01s, train loss: 0.0318]
Thu 28 Mar 2024 16:51:35 INFO  Saving current: saved\BPR-Mar-28-2024_16-51-29.pth
Thu 28 Mar 2024 16:51:35 INFO  epoch 227 training [time: 0.01s, train loss: 0.0356]
Thu 28 Mar 2024 16:51:35 INFO  Saving current: saved\BPR-Mar-28-2024_16-51-29.pth
Thu 28 Mar 2024 16:51:35 INFO  epoch 228 training [time: 0.01s, train loss: 0.0353]
Thu 28 Mar 2024 16:51:35 INFO  Saving current: saved\BPR-Mar-28-2024_16-51-29.pth
Thu 28 Mar 2024 16:51:35 INFO  epoch 229 training [time: 0.01s, train loss: 0.0388]
Thu 28 Mar 2024 16:51:35 INFO  Saving current: saved\BPR-Mar-28-2024_16-51-29.pth
Thu 28 Mar 2024 16:51:35 INFO  epoch 230 training [time: 0.01s, train loss: 0.0268]
Thu 28 Mar 2024 16:51:35 INFO  Saving current: saved\BPR-Mar-28-2024_16-51-29.pth
Thu 28 Mar 2024 16:51:35 INFO  epoch 231 training [time: 0.01s, train loss: 0.0303]
Thu 28 Mar 2024 16:51:35 INFO  Saving current: saved\BPR-Mar-28-2024_16-51-29.pth
Thu 28 Mar 2024 16:51:35 INFO  epoch 232 training [time: 0.01s, train loss: 0.0366]
Thu 28 Mar 2024 16:51:35 INFO  Saving current: saved\BPR-Mar-28-2024_16-51-29.pth
Thu 28 Mar 2024 16:51:35 INFO  epoch 233 training [time: 0.01s, train loss: 0.0441]
Thu 28 Mar 2024 16:51:35 INFO  Saving current: saved\BPR-Mar-28-2024_16-51-29.pth
Thu 28 Mar 2024 16:51:35 INFO  epoch 234 training [time: 0.01s, train loss: 0.0475]
Thu 28 Mar 2024 16:51:35 INFO  Saving current: saved\BPR-Mar-28-2024_16-51-29.pth
Thu 28 Mar 2024 16:51:35 INFO  epoch 235 training [time: 0.01s, train loss: 0.0394]
Thu 28 Mar 2024 16:51:35 INFO  Saving current: saved\BPR-Mar-28-2024_16-51-29.pth
Thu 28 Mar 2024 16:51:35 INFO  epoch 236 training [time: 0.01s, train loss: 0.0467]
Thu 28 Mar 2024 16:51:35 INFO  Saving current: saved\BPR-Mar-28-2024_16-51-29.pth
Thu 28 Mar 2024 16:51:35 INFO  epoch 237 training [time: 0.01s, train loss: 0.0387]
Thu 28 Mar 2024 16:51:35 INFO  Saving current: saved\BPR-Mar-28-2024_16-51-29.pth
Thu 28 Mar 2024 16:51:35 INFO  epoch 238 training [time: 0.01s, train loss: 0.0383]
Thu 28 Mar 2024 16:51:35 INFO  Saving current: saved\BPR-Mar-28-2024_16-51-29.pth
Thu 28 Mar 2024 16:51:35 INFO  epoch 239 training [time: 0.01s, train loss: 0.0419]
Thu 28 Mar 2024 16:51:35 INFO  Saving current: saved\BPR-Mar-28-2024_16-51-29.pth
Thu 28 Mar 2024 16:51:35 INFO  epoch 240 training [time: 0.01s, train loss: 0.0243]
Thu 28 Mar 2024 16:51:35 INFO  Saving current: saved\BPR-Mar-28-2024_16-51-29.pth
Thu 28 Mar 2024 16:51:35 INFO  epoch 241 training [time: 0.01s, train loss: 0.0412]
Thu 28 Mar 2024 16:51:35 INFO  Saving current: saved\BPR-Mar-28-2024_16-51-29.pth
Thu 28 Mar 2024 16:51:35 INFO  epoch 242 training [time: 0.01s, train loss: 0.0349]
Thu 28 Mar 2024 16:51:35 INFO  Saving current: saved\BPR-Mar-28-2024_16-51-29.pth
Thu 28 Mar 2024 16:51:35 INFO  epoch 243 training [time: 0.01s, train loss: 0.0440]
Thu 28 Mar 2024 16:51:35 INFO  Saving current: saved\BPR-Mar-28-2024_16-51-29.pth
Thu 28 Mar 2024 16:51:35 INFO  epoch 244 training [time: 0.01s, train loss: 0.0362]
Thu 28 Mar 2024 16:51:35 INFO  Saving current: saved\BPR-Mar-28-2024_16-51-29.pth
Thu 28 Mar 2024 16:51:35 INFO  epoch 245 training [time: 0.01s, train loss: 0.0340]
Thu 28 Mar 2024 16:51:35 INFO  Saving current: saved\BPR-Mar-28-2024_16-51-29.pth
Thu 28 Mar 2024 16:51:35 INFO  epoch 246 training [time: 0.01s, train loss: 0.0429]
Thu 28 Mar 2024 16:51:35 INFO  Saving current: saved\BPR-Mar-28-2024_16-51-29.pth
Thu 28 Mar 2024 16:51:35 INFO  epoch 247 training [time: 0.01s, train loss: 0.0318]
Thu 28 Mar 2024 16:51:35 INFO  Saving current: saved\BPR-Mar-28-2024_16-51-29.pth
Thu 28 Mar 2024 16:51:35 INFO  epoch 248 training [time: 0.01s, train loss: 0.0259]
Thu 28 Mar 2024 16:51:35 INFO  Saving current: saved\BPR-Mar-28-2024_16-51-29.pth
Thu 28 Mar 2024 16:51:35 INFO  epoch 249 training [time: 0.01s, train loss: 0.0256]
Thu 28 Mar 2024 16:51:35 INFO  Saving current: saved\BPR-Mar-28-2024_16-51-29.pth
Thu 28 Mar 2024 16:51:35 INFO  epoch 250 training [time: 0.01s, train loss: 0.0342]
Thu 28 Mar 2024 16:51:35 INFO  Saving current: saved\BPR-Mar-28-2024_16-51-29.pth
Thu 28 Mar 2024 16:51:35 INFO  epoch 251 training [time: 0.01s, train loss: 0.0339]
Thu 28 Mar 2024 16:51:35 INFO  Saving current: saved\BPR-Mar-28-2024_16-51-29.pth
Thu 28 Mar 2024 16:51:35 INFO  epoch 252 training [time: 0.01s, train loss: 0.0409]
Thu 28 Mar 2024 16:51:35 INFO  Saving current: saved\BPR-Mar-28-2024_16-51-29.pth
Thu 28 Mar 2024 16:51:35 INFO  epoch 253 training [time: 0.01s, train loss: 0.0374]
Thu 28 Mar 2024 16:51:35 INFO  Saving current: saved\BPR-Mar-28-2024_16-51-29.pth
Thu 28 Mar 2024 16:51:35 INFO  epoch 254 training [time: 0.01s, train loss: 0.0286]
Thu 28 Mar 2024 16:51:35 INFO  Saving current: saved\BPR-Mar-28-2024_16-51-29.pth
Thu 28 Mar 2024 16:51:35 INFO  epoch 255 training [time: 0.01s, train loss: 0.0284]
Thu 28 Mar 2024 16:51:35 INFO  Saving current: saved\BPR-Mar-28-2024_16-51-29.pth
Thu 28 Mar 2024 16:51:35 INFO  epoch 256 training [time: 0.01s, train loss: 0.0324]
Thu 28 Mar 2024 16:51:35 INFO  Saving current: saved\BPR-Mar-28-2024_16-51-29.pth
Thu 28 Mar 2024 16:51:35 INFO  epoch 257 training [time: 0.01s, train loss: 0.0362]
Thu 28 Mar 2024 16:51:35 INFO  Saving current: saved\BPR-Mar-28-2024_16-51-29.pth
Thu 28 Mar 2024 16:51:35 INFO  epoch 258 training [time: 0.01s, train loss: 0.0277]
Thu 28 Mar 2024 16:51:35 INFO  Saving current: saved\BPR-Mar-28-2024_16-51-29.pth
Thu 28 Mar 2024 16:51:35 INFO  epoch 259 training [time: 0.01s, train loss: 0.0305]
Thu 28 Mar 2024 16:51:35 INFO  Saving current: saved\BPR-Mar-28-2024_16-51-29.pth
Thu 28 Mar 2024 16:51:35 INFO  epoch 260 training [time: 0.01s, train loss: 0.0232]
Thu 28 Mar 2024 16:51:35 INFO  Saving current: saved\BPR-Mar-28-2024_16-51-29.pth
Thu 28 Mar 2024 16:51:35 INFO  epoch 261 training [time: 0.01s, train loss: 0.0380]
Thu 28 Mar 2024 16:51:35 INFO  Saving current: saved\BPR-Mar-28-2024_16-51-29.pth
Thu 28 Mar 2024 16:51:35 INFO  epoch 262 training [time: 0.01s, train loss: 0.0298]
Thu 28 Mar 2024 16:51:35 INFO  Saving current: saved\BPR-Mar-28-2024_16-51-29.pth
Thu 28 Mar 2024 16:51:35 INFO  epoch 263 training [time: 0.01s, train loss: 0.0266]
Thu 28 Mar 2024 16:51:35 INFO  Saving current: saved\BPR-Mar-28-2024_16-51-29.pth
Thu 28 Mar 2024 16:51:35 INFO  epoch 264 training [time: 0.01s, train loss: 0.0195]
Thu 28 Mar 2024 16:51:36 INFO  Saving current: saved\BPR-Mar-28-2024_16-51-29.pth
Thu 28 Mar 2024 16:51:36 INFO  epoch 265 training [time: 0.01s, train loss: 0.0272]
Thu 28 Mar 2024 16:51:36 INFO  Saving current: saved\BPR-Mar-28-2024_16-51-29.pth
Thu 28 Mar 2024 16:51:36 INFO  epoch 266 training [time: 0.01s, train loss: 0.0338]
Thu 28 Mar 2024 16:51:36 INFO  Saving current: saved\BPR-Mar-28-2024_16-51-29.pth
Thu 28 Mar 2024 16:51:36 INFO  epoch 267 training [time: 0.01s, train loss: 0.0219]
Thu 28 Mar 2024 16:51:36 INFO  Saving current: saved\BPR-Mar-28-2024_16-51-29.pth
Thu 28 Mar 2024 16:51:36 INFO  epoch 268 training [time: 0.01s, train loss: 0.0294]
Thu 28 Mar 2024 16:51:36 INFO  Saving current: saved\BPR-Mar-28-2024_16-51-29.pth
Thu 28 Mar 2024 16:51:36 INFO  epoch 269 training [time: 0.01s, train loss: 0.0292]
Thu 28 Mar 2024 16:51:36 INFO  Saving current: saved\BPR-Mar-28-2024_16-51-29.pth
Thu 28 Mar 2024 16:51:36 INFO  epoch 270 training [time: 0.01s, train loss: 0.0290]
Thu 28 Mar 2024 16:51:36 INFO  Saving current: saved\BPR-Mar-28-2024_16-51-29.pth
Thu 28 Mar 2024 16:51:36 INFO  epoch 271 training [time: 0.01s, train loss: 0.0212]
Thu 28 Mar 2024 16:51:36 INFO  Saving current: saved\BPR-Mar-28-2024_16-51-29.pth
Thu 28 Mar 2024 16:51:36 INFO  epoch 272 training [time: 0.01s, train loss: 0.0249]
Thu 28 Mar 2024 16:51:36 INFO  Saving current: saved\BPR-Mar-28-2024_16-51-29.pth
Thu 28 Mar 2024 16:51:36 INFO  epoch 273 training [time: 0.01s, train loss: 0.0255]
Thu 28 Mar 2024 16:51:36 INFO  Saving current: saved\BPR-Mar-28-2024_16-51-29.pth
Thu 28 Mar 2024 16:51:36 INFO  epoch 274 training [time: 0.01s, train loss: 0.0319]
Thu 28 Mar 2024 16:51:36 INFO  Saving current: saved\BPR-Mar-28-2024_16-51-29.pth
Thu 28 Mar 2024 16:51:36 INFO  epoch 275 training [time: 0.01s, train loss: 0.0317]
Thu 28 Mar 2024 16:51:36 INFO  Saving current: saved\BPR-Mar-28-2024_16-51-29.pth
Thu 28 Mar 2024 16:51:36 INFO  epoch 276 training [time: 0.01s, train loss: 0.0176]
Thu 28 Mar 2024 16:51:36 INFO  Saving current: saved\BPR-Mar-28-2024_16-51-29.pth
Thu 28 Mar 2024 16:51:36 INFO  epoch 277 training [time: 0.01s, train loss: 0.0175]
Thu 28 Mar 2024 16:51:36 INFO  Saving current: saved\BPR-Mar-28-2024_16-51-29.pth
Thu 28 Mar 2024 16:51:36 INFO  epoch 278 training [time: 0.01s, train loss: 0.0272]
Thu 28 Mar 2024 16:51:36 INFO  Saving current: saved\BPR-Mar-28-2024_16-51-29.pth
Thu 28 Mar 2024 16:51:36 INFO  epoch 279 training [time: 0.01s, train loss: 0.0172]
Thu 28 Mar 2024 16:51:36 INFO  Saving current: saved\BPR-Mar-28-2024_16-51-29.pth
Thu 28 Mar 2024 16:51:36 INFO  epoch 280 training [time: 0.01s, train loss: 0.0197]
Thu 28 Mar 2024 16:51:36 INFO  Saving current: saved\BPR-Mar-28-2024_16-51-29.pth
Thu 28 Mar 2024 16:51:36 INFO  epoch 281 training [time: 0.01s, train loss: 0.0234]
Thu 28 Mar 2024 16:51:36 INFO  Saving current: saved\BPR-Mar-28-2024_16-51-29.pth
Thu 28 Mar 2024 16:51:36 INFO  epoch 282 training [time: 0.01s, train loss: 0.0259]
Thu 28 Mar 2024 16:51:36 INFO  Saving current: saved\BPR-Mar-28-2024_16-51-29.pth
Thu 28 Mar 2024 16:51:36 INFO  epoch 283 training [time: 0.01s, train loss: 0.0166]
Thu 28 Mar 2024 16:51:36 INFO  Saving current: saved\BPR-Mar-28-2024_16-51-29.pth
Thu 28 Mar 2024 16:51:36 INFO  epoch 284 training [time: 0.01s, train loss: 0.0255]
Thu 28 Mar 2024 16:51:36 INFO  Saving current: saved\BPR-Mar-28-2024_16-51-29.pth
Thu 28 Mar 2024 16:51:36 INFO  epoch 285 training [time: 0.01s, train loss: 0.0163]
Thu 28 Mar 2024 16:51:36 INFO  Saving current: saved\BPR-Mar-28-2024_16-51-29.pth
Thu 28 Mar 2024 16:51:36 INFO  epoch 286 training [time: 0.01s, train loss: 0.0231]
Thu 28 Mar 2024 16:51:36 INFO  Saving current: saved\BPR-Mar-28-2024_16-51-29.pth
Thu 28 Mar 2024 16:51:36 INFO  epoch 287 training [time: 0.01s, train loss: 0.0161]
Thu 28 Mar 2024 16:51:36 INFO  Saving current: saved\BPR-Mar-28-2024_16-51-29.pth
Thu 28 Mar 2024 16:51:36 INFO  epoch 288 training [time: 0.01s, train loss: 0.0228]
Thu 28 Mar 2024 16:51:36 INFO  Saving current: saved\BPR-Mar-28-2024_16-51-29.pth
Thu 28 Mar 2024 16:51:36 INFO  epoch 289 training [time: 0.01s, train loss: 0.0184]
Thu 28 Mar 2024 16:51:36 INFO  Saving current: saved\BPR-Mar-28-2024_16-51-29.pth
Thu 28 Mar 2024 16:51:36 INFO  epoch 290 training [time: 0.01s, train loss: 0.0224]
Thu 28 Mar 2024 16:51:36 INFO  Saving current: saved\BPR-Mar-28-2024_16-51-29.pth
Thu 28 Mar 2024 16:51:36 INFO  epoch 291 training [time: 0.01s, train loss: 0.0312]
Thu 28 Mar 2024 16:51:36 INFO  Saving current: saved\BPR-Mar-28-2024_16-51-29.pth
Thu 28 Mar 2024 16:51:36 INFO  epoch 292 training [time: 0.01s, train loss: 0.0217]
Thu 28 Mar 2024 16:51:36 INFO  Saving current: saved\BPR-Mar-28-2024_16-51-29.pth
Thu 28 Mar 2024 16:51:36 INFO  epoch 293 training [time: 0.01s, train loss: 0.0216]
Thu 28 Mar 2024 16:51:36 INFO  Saving current: saved\BPR-Mar-28-2024_16-51-29.pth
Thu 28 Mar 2024 16:51:36 INFO  epoch 294 training [time: 0.01s, train loss: 0.0214]
Thu 28 Mar 2024 16:51:36 INFO  Saving current: saved\BPR-Mar-28-2024_16-51-29.pth
Thu 28 Mar 2024 16:51:36 INFO  epoch 295 training [time: 0.02s, train loss: 0.0238]
Thu 28 Mar 2024 16:51:36 INFO  Saving current: saved\BPR-Mar-28-2024_16-51-29.pth
Thu 28 Mar 2024 16:51:36 INFO  epoch 296 training [time: 0.01s, train loss: 0.0241]
Thu 28 Mar 2024 16:51:36 INFO  Saving current: saved\BPR-Mar-28-2024_16-51-29.pth
Thu 28 Mar 2024 16:51:36 INFO  epoch 297 training [time: 0.01s, train loss: 0.0275]
Thu 28 Mar 2024 16:51:36 INFO  Saving current: saved\BPR-Mar-28-2024_16-51-29.pth
Thu 28 Mar 2024 16:51:36 INFO  epoch 298 training [time: 0.01s, train loss: 0.0208]
Thu 28 Mar 2024 16:51:36 INFO  Saving current: saved\BPR-Mar-28-2024_16-51-29.pth
Thu 28 Mar 2024 16:51:36 INFO  epoch 299 training [time: 0.01s, train loss: 0.0211]
Thu 28 Mar 2024 16:51:36 INFO  Saving current: saved\BPR-Mar-28-2024_16-51-29.pth
Thu 28 Mar 2024 16:51:36 INFO  Loading model structure and parameters from saved\BPR-Mar-28-2024_16-51-29.pth
