Fri 05 Apr 2024 20:37:56 INFO  ['c:\\Users\\Tommy\\OneDrive\\Desktop\\year_4\\RepRevolution\\backend\\python\\train.py']
Fri 05 Apr 2024 20:37:56 INFO  
General Hyper Parameters:
gpu_id = 0
use_gpu = True
seed = 2020
state = INFO
reproducibility = True
data_path = ./dataset\food_rating
checkpoint_dir = saved
show_progress = True
save_dataset = False
dataset_save_path = None
save_dataloaders = False
dataloaders_save_path = None
log_wandb = False

Training Hyper Parameters:
epochs = 10
train_batch_size = 2048
learner = adam
learning_rate = 0.001
train_neg_sample_args = {'distribution': 'uniform', 'sample_num': 1, 'alpha': 1.0, 'dynamic': False, 'candidate_num': 0}
eval_step = 1
stopping_step = 10
clip_grad_norm = None
weight_decay = 0.0
loss_decimal_place = 4

Evaluation Hyper Parameters:
eval_args = {'split': {'RS': [0.8, 0.1, 0.1]}, 'order': 'RO', 'group_by': 'user', 'mode': {'valid': 'full', 'test': 'full'}}
repeatable = False
metrics = ['Recall', 'MRR', 'NDCG', 'Hit', 'Precision']
topk = [10]
valid_metric = MRR@10
valid_metric_bigger = True
eval_batch_size = 4096
metric_decimal_place = 4

Dataset Hyper Parameters:
field_separator = 	
seq_separator =  
USER_ID_FIELD = user_id
ITEM_ID_FIELD = item_id
RATING_FIELD = rating
TIME_FIELD = timestamp
seq_len = None
LABEL_FIELD = label
threshold = None
NEG_PREFIX = neg_
load_col = {'inter': ['user_id', 'item_id']}
unload_col = None
unused_col = None
additional_feat_suffix = None
rm_dup_inter = None
val_interval = None
filter_inter_by_user_or_item = True
user_inter_num_interval = [0,inf)
item_inter_num_interval = [0,inf)
alias_of_user_id = None
alias_of_item_id = None
alias_of_entity_id = None
alias_of_relation_id = None
preload_weight = None
normalize_field = None
normalize_all = None
ITEM_LIST_LENGTH_FIELD = item_length
LIST_SUFFIX = _list
MAX_ITEM_LIST_LENGTH = 50
POSITION_FIELD = position_id
HEAD_ENTITY_ID_FIELD = head_id
TAIL_ENTITY_ID_FIELD = tail_id
RELATION_ID_FIELD = relation_id
ENTITY_ID_FIELD = entity_id
benchmark_filename = None

Other Hyper Parameters: 
worker = 0
wandb_project = recbole
shuffle = True
require_pow = False
enable_amp = False
enable_scaler = False
transform = None
embedding_size = 64
numerical_features = []
discretization = None
kg_reverse_r = False
entity_kg_num_interval = [0,inf)
relation_kg_num_interval = [0,inf)
MODEL_TYPE = ModelType.GENERAL
batch_size = 128
MODEL_INPUT_TYPE = InputType.PAIRWISE
eval_type = EvaluatorType.RANKING
single_spec = True
local_rank = 0
device = cpu
valid_neg_sample_args = {'distribution': 'uniform', 'sample_num': 'none'}
test_neg_sample_args = {'distribution': 'uniform', 'sample_num': 'none'}


Fri 05 Apr 2024 20:37:56 WARNING  In inter_feat, line [4], item_id do not exist, so they will be removed.
Fri 05 Apr 2024 20:37:56 INFO  food_rating
The number of users: 101
Average actions of users: 10.0
The number of items: 639
Average actions of items: 1.567398119122257
The number of inters: 1000
The sparsity of the dataset: 98.45054928028014%
Remain Fields: ['user_id', 'item_id']
Fri 05 Apr 2024 20:37:56 INFO  [Training]: train_batch_size = [2048] train_neg_sample_args: [{'distribution': 'uniform', 'sample_num': 1, 'alpha': 1.0, 'dynamic': False, 'candidate_num': 0}]
Fri 05 Apr 2024 20:37:56 INFO  [Evaluation]: eval_batch_size = [4096] eval_args: [{'split': {'RS': [0.8, 0.1, 0.1]}, 'order': 'RO', 'group_by': 'user', 'mode': {'valid': 'full', 'test': 'full'}}]
Fri 05 Apr 2024 20:37:56 INFO  BPR(
  (user_embedding): Embedding(101, 64)
  (item_embedding): Embedding(639, 64)
  (loss): BPRLoss()
)
Trainable parameters: 47360
Fri 05 Apr 2024 20:37:57 INFO  FLOPs: 128.0
Fri 05 Apr 2024 20:38:08 INFO  epoch 0 training [time: 0.08s, train loss: 0.6967]
Fri 05 Apr 2024 20:38:08 INFO  epoch 0 evaluating [time: 0.08s, valid_score: 0.015800]
Fri 05 Apr 2024 20:38:08 INFO  valid result: 
recall@10 : 0.04    mrr@10 : 0.0158    ndcg@10 : 0.0219    hit@10 : 0.04    precision@10 : 0.004
Fri 05 Apr 2024 20:38:08 INFO  Saving current: saved\BPR-Apr-05-2024_20-37-57.pth
Fri 05 Apr 2024 20:38:08 INFO  epoch 1 training [time: 0.04s, train loss: 0.6930]
Fri 05 Apr 2024 20:38:08 INFO  epoch 1 evaluating [time: 0.05s, valid_score: 0.015000]
Fri 05 Apr 2024 20:38:08 INFO  valid result: 
recall@10 : 0.04    mrr@10 : 0.015    ndcg@10 : 0.0212    hit@10 : 0.04    precision@10 : 0.004
Fri 05 Apr 2024 20:38:08 INFO  epoch 2 training [time: 0.02s, train loss: 0.6905]
Fri 05 Apr 2024 20:38:08 INFO  epoch 2 evaluating [time: 0.05s, valid_score: 0.014500]
Fri 05 Apr 2024 20:38:08 INFO  valid result: 
recall@10 : 0.04    mrr@10 : 0.0145    ndcg@10 : 0.0208    hit@10 : 0.04    precision@10 : 0.004
Fri 05 Apr 2024 20:38:08 INFO  epoch 3 training [time: 0.02s, train loss: 0.6891]
Fri 05 Apr 2024 20:38:08 INFO  epoch 3 evaluating [time: 0.07s, valid_score: 0.014000]
Fri 05 Apr 2024 20:38:08 INFO  valid result: 
recall@10 : 0.04    mrr@10 : 0.014    ndcg@10 : 0.0204    hit@10 : 0.04    precision@10 : 0.004
Fri 05 Apr 2024 20:38:08 INFO  epoch 4 training [time: 0.01s, train loss: 0.6863]
Fri 05 Apr 2024 20:38:08 INFO  epoch 4 evaluating [time: 0.05s, valid_score: 0.014000]
Fri 05 Apr 2024 20:38:08 INFO  valid result: 
recall@10 : 0.04    mrr@10 : 0.014    ndcg@10 : 0.0204    hit@10 : 0.04    precision@10 : 0.004
Fri 05 Apr 2024 20:38:08 INFO  epoch 5 training [time: 0.02s, train loss: 0.6838]
Fri 05 Apr 2024 20:38:08 INFO  epoch 5 evaluating [time: 0.05s, valid_score: 0.013700]
Fri 05 Apr 2024 20:38:08 INFO  valid result: 
recall@10 : 0.04    mrr@10 : 0.0137    ndcg@10 : 0.02    hit@10 : 0.04    precision@10 : 0.004
Fri 05 Apr 2024 20:38:08 INFO  epoch 6 training [time: 0.01s, train loss: 0.6823]
Fri 05 Apr 2024 20:38:08 INFO  epoch 6 evaluating [time: 0.05s, valid_score: 0.013700]
Fri 05 Apr 2024 20:38:08 INFO  valid result: 
recall@10 : 0.04    mrr@10 : 0.0137    ndcg@10 : 0.02    hit@10 : 0.04    precision@10 : 0.004
Fri 05 Apr 2024 20:38:08 INFO  epoch 7 training [time: 0.02s, train loss: 0.6795]
Fri 05 Apr 2024 20:38:08 INFO  epoch 7 evaluating [time: 0.05s, valid_score: 0.013900]
Fri 05 Apr 2024 20:38:08 INFO  valid result: 
recall@10 : 0.04    mrr@10 : 0.0139    ndcg@10 : 0.0203    hit@10 : 0.04    precision@10 : 0.004
Fri 05 Apr 2024 20:38:08 INFO  epoch 8 training [time: 0.02s, train loss: 0.6779]
Fri 05 Apr 2024 20:38:09 INFO  epoch 8 evaluating [time: 0.08s, valid_score: 0.013900]
Fri 05 Apr 2024 20:38:09 INFO  valid result: 
recall@10 : 0.04    mrr@10 : 0.0139    ndcg@10 : 0.0203    hit@10 : 0.04    precision@10 : 0.004
Fri 05 Apr 2024 20:38:09 INFO  epoch 9 training [time: 0.02s, train loss: 0.6760]
Fri 05 Apr 2024 20:38:09 INFO  epoch 9 evaluating [time: 0.07s, valid_score: 0.013900]
Fri 05 Apr 2024 20:38:09 INFO  valid result: 
recall@10 : 0.04    mrr@10 : 0.0139    ndcg@10 : 0.0203    hit@10 : 0.04    precision@10 : 0.004
Fri 05 Apr 2024 20:38:09 INFO  Loading model structure and parameters from saved\BPR-Apr-05-2024_20-37-57.pth
Fri 05 Apr 2024 20:38:10 INFO  The running environment of this training is as follows:
+-------------+----------------+
| Environment |     Usage      |
+=============+================+
| CPU         |    70.30 %     |
+-------------+----------------+
| GPU         |   0.0 / 0.0    |
+-------------+----------------+
| Memory      | 0.32 G/15.79 G |
+-------------+----------------+
Fri 05 Apr 2024 20:38:10 INFO  best valid : OrderedDict([('recall@10', 0.04), ('mrr@10', 0.0158), ('ndcg@10', 0.0219), ('hit@10', 0.04), ('precision@10', 0.004)])
Fri 05 Apr 2024 20:38:10 INFO  test result: OrderedDict([('recall@10', 0.01), ('mrr@10', 0.0033), ('ndcg@10', 0.005), ('hit@10', 0.01), ('precision@10', 0.001)])
